	Command being timed: "./qscore.py -f /projects/bgmp/shared/2017_sequencing/1294_S1_L008_R1_001.fastq.gz -l 101 -o read1_mean_scores"
	User time (seconds): 17635.35
	System time (seconds): 4.13
	Percent of CPU this job got: 99%
	Elapsed (wall clock) time (h:mm:ss or m:ss): 4:54:50
	Average shared text size (kbytes): 0
	Average unshared data size (kbytes): 0
	Average stack size (kbytes): 0
	Average total size (kbytes): 0
	Maximum resident set size (kbytes): 74276
	Average resident set size (kbytes): 0
	Major (requiring I/O) page faults: 6
	Minor (reclaiming a frame) page faults: 221232
	Voluntary context switches: 3195
	Involuntary context switches: 131458
	Swaps: 0
	File system inputs: 5880
	File system outputs: 0
	Socket messages sent: 0
	Socket messages received: 0
	Signals delivered: 0
	Page size (bytes): 4096
	Exit status: 0
	Command being timed: "./qscore.py -f /projects/bgmp/shared/2017_sequencing/1294_S1_L008_R2_001.fastq.gz -l 8 -o index1_mean_scores"
	User time (seconds): 1819.45
	System time (seconds): 0.62
	Percent of CPU this job got: 99%
	Elapsed (wall clock) time (h:mm:ss or m:ss): 30:29.25
	Average shared text size (kbytes): 0
	Average unshared data size (kbytes): 0
	Average stack size (kbytes): 0
	Average total size (kbytes): 0
	Maximum resident set size (kbytes): 72700
	Average resident set size (kbytes): 0
	Major (requiring I/O) page faults: 0
	Minor (reclaiming a frame) page faults: 50766
	Voluntary context switches: 1514
	Involuntary context switches: 13438
	Swaps: 0
	File system inputs: 0
	File system outputs: 0
	Socket messages sent: 0
	Socket messages received: 0
	Signals delivered: 0
	Page size (bytes): 4096
	Exit status: 0
	Command being timed: "./qscore.py -f /projects/bgmp/shared/2017_sequencing/1294_S1_L008_R3_001.fastq.gz -l 8 -o index2_mean_scores"
	User time (seconds): 1819.86
	System time (seconds): 0.60
	Percent of CPU this job got: 99%
	Elapsed (wall clock) time (h:mm:ss or m:ss): 30:24.87
	Average shared text size (kbytes): 0
	Average unshared data size (kbytes): 0
	Average stack size (kbytes): 0
	Average total size (kbytes): 0
	Maximum resident set size (kbytes): 72664
	Average resident set size (kbytes): 0
	Major (requiring I/O) page faults: 0
	Minor (reclaiming a frame) page faults: 50705
	Voluntary context switches: 1031
	Involuntary context switches: 13445
	Swaps: 0
	File system inputs: 0
	File system outputs: 0
	Socket messages sent: 0
	Socket messages received: 0
	Signals delivered: 0
	Page size (bytes): 4096
	Exit status: 0
	Command being timed: "./qscore.py -f /projects/bgmp/shared/2017_sequencing/1294_S1_L008_R4_001.fastq.gz -l 101 -o read2_mean_scores"
	User time (seconds): 18153.71
	System time (seconds): 4.41
	Percent of CPU this job got: 99%
	Elapsed (wall clock) time (h:mm:ss or m:ss): 5:03:21
	Average shared text size (kbytes): 0
	Average unshared data size (kbytes): 0
	Average stack size (kbytes): 0
	Average total size (kbytes): 0
	Maximum resident set size (kbytes): 74288
	Average resident set size (kbytes): 0
	Major (requiring I/O) page faults: 0
	Minor (reclaiming a frame) page faults: 222644
	Voluntary context switches: 1032
	Involuntary context switches: 135612
	Swaps: 0
	File system inputs: 0
	File system outputs: 0
	Socket messages sent: 0
	Socket messages received: 0
	Signals delivered: 0
	Page size (bytes): 4096
	Exit status: 0
