	Command being timed: "./demultiplex.py -r1 1294_S1_L008_R1_001.fastq.gz -r2 1294_S1_L008_R4_001.fastq.gz -i1 1294_S1_L008_R2_001.fastq.gz -i2 1294_S1_L008_R3_001.fastq.gz -q 25 -b barcodes.tsv"
	User time (seconds): 9936.61
	System time (seconds): 51.57
	Percent of CPU this job got: 96%
	Elapsed (wall clock) time (h:mm:ss or m:ss): 2:52:02
	Average shared text size (kbytes): 0
	Average unshared data size (kbytes): 0
	Average stack size (kbytes): 0
	Average total size (kbytes): 0
	Maximum resident set size (kbytes): 184932
	Average resident set size (kbytes): 0
	Major (requiring I/O) page faults: 0
	Minor (reclaiming a frame) page faults: 772095
	Voluntary context switches: 124691
	Involuntary context switches: 23657
	Swaps: 0
	File system inputs: 0
	File system outputs: 0
	Socket messages sent: 0
	Socket messages received: 0
	Signals delivered: 0
	Page size (bytes): 4096
	Exit status: 0
