Barcode	Count	% of Reads
lowq	480610050.033077382650115214
index_hopped	5937860.00040866575166876586
TACCGGAT	720607870.04959493097714973
CTCTGGAT	329706480.02269163410374494
AGAGTCCA	108497490.007467203387251368
GTAGCGTA	75321930.00518393716601472
ATCATGCG	96850100.00666558640919374
AACAGCGA	85055230.005853819305492175
TCGACAAG	36814260.002533695175539568
TGTTCCGT	151834160.010449795233534584
TCGAGAGT	110450230.007601598263505383
CGGTAATC	46151870.003176344448078797
TAGCCATG	100372090.0069079829444303196
TCTTCGAC	398859160.027450980392156862
CTAGCTCA	166806570.01148025253413496
TATGGCAC	106616390.007337739043958647
ACGATCAG	76846290.00528884932716601
GATCTTGC	34729040.0023901825297892904
AGGATAGC	82562880.005682286449181711
CACTTCAC	40107170.0027603255676888604
GCTACTCT	69611550.004790927439444156
ATCGTGGT	65160510.004484590205607767
CGATCGAT	54290590.0037364816231589804
GTCCTAAG	84080150.005786710649993867
GATCAAGG	61234850.004214411589962399
TCGGATTC	43352580.002983686832037183
